<?xml version="1.0" encoding="UTF-8" ?>
<testsuite tests="6" failures="0" name="coursework_question1.AdvertTest" time="0.03" errors="0" skipped="0">
  <properties>
[...]
</properties>
  <testcase classname="coursework_question1.AdvertTest" name="test_placeOffer" time="0.009"/>
  <testcase classname="coursework_question1.AdvertTest" name="test_getCars" time="0"/>
  <testcase classname="coursework_question1.AdvertTest" name="test_InvalidAdvertObject" time="0"/>
  <testcase classname="coursework_question1.AdvertTest" name="test_Constructor" time="0"/>
  <testcase classname="coursework_question1.AdvertTest" name="test_getHighestOffer" time="0"/>
  <testcase classname="coursework_question1.AdvertTest" name="test_toString" time="0.021"/>
</testsuite>